{nombre:"pH 1%",precio: 28},
{nombre:"Conductividad Eléctrica",precio: 28},
{nombre:"Aspecto",precio: 10},
{nombre:"Solubilidad en agua",precio: 35},
{nombre:"Granulometría",precio: 35},
{nombre:"Densidad",precio: 20},
{nombre:"Ceniza",precio: 55},
{nombre:"Nitrógeno-amonio",precio: 100},
{nombre:"Nitrógeno-nitratos",precio: 100},
{nombre:"Aluminio",precio: 55},
{nombre:"Antimonio",precio: 86},
{nombre:"Arsénico",precio: 88},
{nombre:"Azufre",precio: 60},
{nombre:"Boro",precio: 50},
{nombre:"Cadmio",precio: 88},
{nombre:"Cobalto",precio: 88},
{nombre:"Cromo",precio: 88},
{nombre:"Molibdeno",precio: 75},
{nombre:"Níquel",precio: 55},
{nombre:"Selenio",precio: 88},
{nombre:"Plomo",precio: 90},
